#
# A fatal error has been detected by the Java Runtime Environment:
#
#  EXCEPTION_ACCESS_VIOLATION (0xc0000005) at pc=0x000000006a5c8e4b, pid=5812, tid=4224
#
# JRE version: 6.0_21-b07
# Java VM: Java HotSpot(TM) 64-Bit Server VM (17.0-b17 mixed mode windows-amd64 )
# Problematic frame:
# C  [gdx-64.dll+0x8e4b]
#
# If you would like to submit a bug report, please visit:
#   http://java.sun.com/webapps/bugreport/crash.jsp
# The crash happened outside the Java Virtual Machine in native code.
# See problematic frame for where to report the bug.
#

---------------  T H R E A D  ---------------

Current thread (0x000000004ba41800):  JavaThread "AWT-EventQueue-0" [_thread_in_native, id=4224, stack(0x000000004c6b0000,0x000000004c7b0000)]

siginfo: ExceptionCode=0xc0000005, reading address 0x000000406a61e5b0

Registers:
EAX=0x000000406a61e5b0, EBX=0x000000004c9d4ad0, ECX=0x000000004c9d4ad0, EDX=0x000000004c9d4b40
ESP=0x000000004c7aee50, EBP=0x000000004c9d0790, ESI=0x000000004c7af030, EDI=0x0000000000000000
EIP=0x000000006a5c8e4b, EFLAGS=0x0000000000010246

Top of Stack: (sp=0x000000004c7aee50)
0x000000004c7aee50:   0000000100000002 000000007766ac55
0x000000004c7aee60:   0000000100000002 00000000c0140000
0x000000004c7aee70:   000000004c9d1390 000000004c9d1b60
0x000000004c7aee80:   bf00000000000001 0000000000000000
0x000000004c7aee90:   000000004c9d4b10 3dcccccd41200000
0x000000004c7aeea0:   3f1999993fd55556 0000000000000000
0x000000004c7aeeb0:   000000004c9d4ad0 000000004c91e680
0x000000004c7aeec0:   0000000000000013 000000004c91e5b0
0x000000004c7aeed0:   00000000063e6d18 000000000637f088
0x000000004c7aeee0:   000000004c7af148 000000006a5c9237
0x000000004c7aeef0:   00000000000016b4 000000006d3bed2b
0x000000004c7aef00:   c014000000000000 4000000000000000
0x000000004c7aef10:   000000003f7fe2ef 0000000000000000
0x000000004c7aef20:   0000000000000000 0000000000000000
0x000000004c7aef30:   c014000000000000 000000004c905310
0x000000004c7aef40:   000000004c91e5b0 00000000026e5e63 

Instructions: (pc=0x000000006a5c8e4b)
0x000000006a5c8e3b:   48 8b 03 48 8d 53 70 4d 8d 4c 24 0c 4c 8d 45 0c
0x000000006a5c8e4b:   ff 10 44 8b 9b ac 00 00 00 45 85 db 41 0f 9f c5 


Stack: [0x000000004c6b0000,0x000000004c7b0000],  sp=0x000000004c7aee50,  free space=3fb0000000000000000k
Native frames: (J=compiled Java code, j=interpreted, Vv=VM code, C=native code)
C  [gdx-64.dll+0x8e4b]

Java frames: (J=compiled Java code, j=interpreted, Vv=VM code)
j  com.badlogic.gdx.physics.box2d.World.jniStep(JFII)V+0
j  com.badlogic.gdx.physics.box2d.World.step(FII)V+8
j  org.group20.sunstruck.Main.updatePhysics()V+22
j  org.group20.sunstruck.Main.render()V+57
j  com.badlogic.gdx.backends.jogl.JoglGraphics.display(Ljavax/media/opengl/GLAutoDrawable;)V+28
j  com.sun.opengl.impl.GLDrawableHelper.display(Ljavax/media/opengl/GLAutoDrawable;)V+29
j  javax.media.opengl.GLCanvas$DisplayAction.run()V+80
j  com.sun.opengl.impl.GLDrawableHelper.invokeGL(Ljavax/media/opengl/GLDrawable;Ljavax/media/opengl/GLContext;Ljava/lang/Runnable;Ljava/lang/Runnable;)V+418
j  javax.media.opengl.GLCanvas$DisplayOnEventDispatchThreadAction.run()V+35
j  java.awt.event.InvocationEvent.dispatch()V+11
j  java.awt.EventQueue.dispatchEvent(Ljava/awt/AWTEvent;)V+26
j  java.awt.EventDispatchThread.pumpOneEventForFilters(I)Z+204
j  java.awt.EventDispatchThread.pumpEventsForFilter(ILjava/awt/Conditional;Ljava/awt/EventFilter;)V+30
j  java.awt.EventDispatchThread.pumpEventsForHierarchy(ILjava/awt/Conditional;Ljava/awt/Component;)V+11
j  java.awt.EventDispatchThread.pumpEvents(ILjava/awt/Conditional;)V+4
j  java.awt.EventDispatchThread.pumpEvents(Ljava/awt/Conditional;)V+3
j  java.awt.EventDispatchThread.run()V+9
v  ~StubRoutines::call_stub

---------------  P R O C E S S  ---------------

Java Threads: ( => current thread )
  0x000000004cac1800 JavaThread "D3D Screen Updater" daemon [_thread_blocked, id=4684, stack(0x0000000052ed0000,0x0000000052fd0000)]
  0x000000004cac1000 JavaThread "DestroyJavaVM" [_thread_blocked, id=4872, stack(0x00000000025e0000,0x00000000026e0000)]
  0x000000004cac0000 JavaThread "Thread-3" [_thread_blocked, id=1688, stack(0x0000000052dd0000,0x0000000052ed0000)]
=>0x000000004ba41800 JavaThread "AWT-EventQueue-0" [_thread_in_native, id=4224, stack(0x000000004c6b0000,0x000000004c7b0000)]
  0x000000004ba40800 JavaThread "AWT-Windows" daemon [_thread_in_native, id=6104, stack(0x000000004c5b0000,0x000000004c6b0000)]
  0x000000004ba3d800 JavaThread "AWT-Shutdown" [_thread_blocked, id=2524, stack(0x000000004c4b0000,0x000000004c5b0000)]
  0x000000004ba3d000 JavaThread "Java2D Disposer" daemon [_thread_blocked, id=3796, stack(0x000000004c3b0000,0x000000004c4b0000)]
  0x000000004b914000 JavaThread "Low Memory Detector" daemon [_thread_blocked, id=2908, stack(0x000000004beb0000,0x000000004bfb0000)]
  0x000000004b910800 JavaThread "CompilerThread1" daemon [_thread_blocked, id=3160, stack(0x000000004bdb0000,0x000000004beb0000)]
  0x000000004b8f6000 JavaThread "CompilerThread0" daemon [_thread_blocked, id=3832, stack(0x000000004bcb0000,0x000000004bdb0000)]
  0x000000000052f800 JavaThread "Attach Listener" daemon [_thread_blocked, id=5164, stack(0x000000004bbb0000,0x000000004bcb0000)]
  0x000000000052e000 JavaThread "Signal Dispatcher" daemon [_thread_blocked, id=4264, stack(0x000000004bab0000,0x000000004bbb0000)]
  0x0000000000516000 JavaThread "Finalizer" daemon [_thread_blocked, id=5660, stack(0x000000004b7b0000,0x000000004b8b0000)]
  0x0000000000514000 JavaThread "Reference Handler" daemon [_thread_blocked, id=4880, stack(0x000000004b6b0000,0x000000004b7b0000)]

Other Threads:
  0x000000000050e800 VMThread [stack: 0x000000004b5b0000,0x000000004b6b0000] [id=1404]
  0x000000004b927800 WatcherThread [stack: 0x000000004bfb0000,0x000000004c0b0000] [id=1764]

VM state:not at safepoint (normal execution)

VM Mutex/Monitor currently owned by a thread: None

Heap
 PSYoungGen      total 19136K, used 12836K [0x0000000035590000, 0x0000000036ae0000, 0x000000004aae0000)
  eden space 16448K, 78% used [0x0000000035590000,0x0000000036219388,0x00000000365a0000)
  from space 2688K, 0% used [0x0000000036840000,0x0000000036840000,0x0000000036ae0000)
  to   space 2688K, 0% used [0x00000000365a0000,0x00000000365a0000,0x0000000036840000)
 PSOldGen        total 43712K, used 0K [0x000000000aae0000, 0x000000000d590000, 0x0000000035590000)
  object space 43712K, 0% used [0x000000000aae0000,0x000000000aae0000,0x000000000d590000)
 PSPermGen       total 21248K, used 13763K [0x00000000056e0000, 0x0000000006ba0000, 0x000000000aae0000)
  object space 21248K, 64% used [0x00000000056e0000,0x0000000006450c48,0x0000000006ba0000)

Dynamic libraries:
0x0000000000400000 - 0x000000000042e000 	C:\Program Files\Java\jre6\bin\javaw.exe
0x0000000077630000 - 0x00000000777dc000 	C:\Windows\SYSTEM32\ntdll.dll
0x0000000077410000 - 0x000000007752f000 	C:\Windows\system32\kernel32.dll
0x000007fefd8b0000 - 0x000007fefd91b000 	C:\Windows\system32\KERNELBASE.dll
0x000007feff860000 - 0x000007feff93b000 	C:\Windows\system32\ADVAPI32.dll
0x000007fefec00000 - 0x000007fefec9f000 	C:\Windows\system32\msvcrt.dll
0x000007fefeca0000 - 0x000007fefecbf000 	C:\Windows\SYSTEM32\sechost.dll
0x000007fefda90000 - 0x000007fefdbbe000 	C:\Windows\system32\RPCRT4.dll
0x0000000077530000 - 0x000000007762a000 	C:\Windows\system32\USER32.dll
0x000007feff6e0000 - 0x000007feff747000 	C:\Windows\system32\GDI32.dll
0x000007feff470000 - 0x000007feff47e000 	C:\Windows\system32\LPK.dll
0x000007fefeb30000 - 0x000007fefebfa000 	C:\Windows\system32\USP10.dll
0x000007fefd480000 - 0x000007fefd4d7000 	C:\Windows\system32\apphelp.dll
0x000007fef7c10000 - 0x000007fef7c61000 	C:\Windows\AppPatch\AppPatch64\AcGenral.DLL
0x000007fefcd70000 - 0x000007fefcd95000 	C:\Windows\system32\SspiCli.dll
0x000007feff7e0000 - 0x000007feff851000 	C:\Windows\system32\SHLWAPI.dll
0x000007fefecc0000 - 0x000007fefeec2000 	C:\Windows\system32\ole32.dll
0x000007fefdbc0000 - 0x000007fefe946000 	C:\Windows\system32\SHELL32.dll
0x00000000743f0000 - 0x00000000743f3000 	C:\Windows\system32\sfc.dll
0x000007fef9db0000 - 0x000007fef9dc0000 	C:\Windows\system32\sfc_os.DLL
0x000007fefc200000 - 0x000007fefc21e000 	C:\Windows\system32\USERENV.dll
0x000007fefd590000 - 0x000007fefd59f000 	C:\Windows\system32\profapi.dll
0x000007fefb340000 - 0x000007fefb358000 	C:\Windows\system32\dwmapi.dll
0x000007fef73d0000 - 0x000007fef73e8000 	C:\Windows\system32\MPR.dll
0x000007feff180000 - 0x000007feff1ae000 	C:\Windows\system32\IMM32.DLL
0x000007feff070000 - 0x000007feff179000 	C:\Windows\system32\MSCTF.dll
0x0000000a01300000 - 0x0000000a01305000 	C:\Windows\system32\avgrssta.dll
0x000000006d7f0000 - 0x000000006dec1000 	C:\Program Files\Java\jre6\bin\server\jvm.dll
0x000007fef9e20000 - 0x000007fef9e5b000 	C:\Windows\system32\WINMM.dll
0x000000006d760000 - 0x000000006d76e000 	C:\Program Files\Java\jre6\bin\verify.dll
0x000000006d3b0000 - 0x000000006d3d7000 	C:\Program Files\Java\jre6\bin\java.dll
0x000000006d310000 - 0x000000006d31a000 	C:\Program Files\Java\jre6\bin\hpi.dll
0x00000000777f0000 - 0x00000000777f7000 	C:\Windows\system32\PSAPI.DLL
0x000000006d7b0000 - 0x000000006d7c2000 	C:\Program Files\Java\jre6\bin\zip.dll
0x000000006d000000 - 0x000000006d1c3000 	C:\Program Files\Java\jre6\bin\awt.dll
0x000007fef75b0000 - 0x000007fef7620000 	C:\Windows\system32\WINSPOOL.DRV
0x000007fefb950000 - 0x000007fefbb44000 	C:\Windows\WinSxS\amd64_microsoft.windows.common-controls_6595b64144ccf1df_6.0.7600.16661_none_fa62ad231704eab7\COMCTL32.dll
0x000007fefb770000 - 0x000007fefb7c6000 	C:\Windows\system32\uxtheme.dll
0x000007fefd4e0000 - 0x000007fefd4ef000 	C:\Windows\system32\CRYPTBASE.dll
0x000000006a5c0000 - 0x000000006a6a4000 	C:\Users\DiaAWAY\AppData\Local\Temp\libgdx\3089703099\gdx-64.dll
0x000000006d3f0000 - 0x000000006d3f7000 	C:\Program Files\Java\jre6\bin\jawt.dll
0x0000000000390000 - 0x0000000000397000 	C:\Users\DiaAWAY\AppData\Local\Temp\libgdx\3089703099\gluegen-rt-win64.dll
0x00000000752a0000 - 0x0000000075369000 	C:\Windows\WinSxS\amd64_microsoft.vc80.crt_1fc8b3b9a1e18e3b_8.0.50727.4927_none_88dce9872fb18caf\MSVCR80.dll
0x00000000003d0000 - 0x00000000003d7000 	C:\Users\DiaAWAY\AppData\Local\Temp\libgdx\3089703099\jogl_awt-win64.dll
0x0000000000530000 - 0x000000000058a000 	C:\Users\DiaAWAY\AppData\Local\Temp\libgdx\3089703099\jogl-win64.dll
0x000007fef34c0000 - 0x000007fef35dd000 	C:\Windows\system32\OPENGL32.dll
0x000007fef7be0000 - 0x000007fef7c0d000 	C:\Windows\system32\GLU32.dll
0x000007fef6c20000 - 0x000007fef6d11000 	C:\Windows\system32\DDRAW.dll
0x000007fefb920000 - 0x000007fefb928000 	C:\Windows\system32\DCIMAN32.dll
0x000007fefe950000 - 0x000007fefeb27000 	C:\Windows\system32\SETUPAPI.dll
0x000007fefd700000 - 0x000007fefd736000 	C:\Windows\system32\CFGMGR32.dll
0x000007fefef90000 - 0x000007feff067000 	C:\Windows\system32\OLEAUT32.dll
0x000007fefd640000 - 0x000007fefd65a000 	C:\Windows\system32\DEVOBJ.dll
0x000000006d2a0000 - 0x000000006d30b000 	C:\Program Files\Java\jre6\bin\fontmanager.dll
0x000007fef32c0000 - 0x000007fef34bf000 	C:\Windows\system32\d3d9.dll
0x000007fefc010000 - 0x000007fefc01c000 	C:\Windows\system32\VERSION.dll
0x000007fefa870000 - 0x000007fefa877000 	C:\Windows\system32\d3d8thk.dll
0x000007feec340000 - 0x000007feecf34000 	C:\Windows\system32\nvd3dumx.dll
0x000007fefb1e0000 - 0x000007fefb20c000 	C:\Windows\system32\powrprof.dll
0x0000000180000000 - 0x0000000180050000 	C:\Users\DiaAWAY\AppData\Local\Temp\libgdx\3089703099\lwjgl64.dll
0x000000004c290000 - 0x000000004c2e3000 	C:\Users\DiaAWAY\AppData\Local\Temp\libgdx\3089703099\OpenAL64.dll
0x000007fef3230000 - 0x000007fef32b8000 	C:\Windows\system32\dsound.dll
0x000007fefeed0000 - 0x000007fefef69000 	C:\Windows\system32\CLBCatQ.DLL
0x000007fefb360000 - 0x000007fefb3ab000 	C:\Windows\System32\MMDevApi.dll
0x000007fefb7d0000 - 0x000007fefb8fc000 	C:\Windows\System32\PROPSYS.dll
0x000007fefa050000 - 0x000007fefa09f000 	C:\Windows\system32\AUDIOSES.DLL
0x000007fefb1d0000 - 0x000007fefb1d9000 	C:\Windows\system32\avrt.dll
0x00000000538d0000 - 0x0000000054b36000 	C:\Windows\system32\nvoglv64.DLL

VM Arguments:
jvm_args: -Dfile.encoding=Cp1252 
java_command: org.group20.sunstruck.MainDesktop
Launcher Type: SUN_STANDARD

Environment Variables:
JAVA_HOME=C:\Program Files\Java\jdk1.6.0_21\
CLASSPATH=.;C:\Program Files (x86)\amzi_6-2-14\lsapis\java20
PATH=C:\Program Files\Common Files\Microsoft Shared\Windows Live;C:\Program Files (x86)\Common Files\Microsoft Shared\Windows Live;C:\Program Files\Python27;C:\Program Files (x86)\PC Connectivity Solution\;c:\Program Files (x86)\NVIDIA Corporation\PhysX\Common;C:\Windows\system32;C:\Windows;C:\Windows\System32\Wbem;C:\Windows\System32\WindowsPowerShell\v1.0\;C:\Program Files (x86)\QuickTime\QTSystem\;C:\android-sdk-windows;C:\Program Files (x86)\TortoiseHg\;C:\Program Files (x86)\Windows Live\Shared;C:\Program Files\Java\jdk1.6.0_21\bin;C:\Program Files (x86)\amzi_6-2-14\lsapis\java20;C:\Program Files (x86)\apache-maven-3.0.2\bin;C:\Program Files\TortoiseSVN\bin;C:\Program Files (x86)\Git\cmd;C:\Program Files (x86)\Microsoft SQL Server\100\Tools\Binn\;C:\Program Files\Microsoft SQL Server\100\Tools\Binn\;C:\Program Files\Microsoft SQL Server\100\DTS\Binn\;C:\Program Files (x86)\amzi_6-2-14\bin
USERNAME=DiaAWAY
OS=Windows_NT
PROCESSOR_IDENTIFIER=AMD64 Family 16 Model 4 Stepping 2, AuthenticAMD



---------------  S Y S T E M  ---------------

OS: Windows 7 Build 7600 

CPU:total 3 (3 cores per cpu, 1 threads per core) family 16 model 4 stepping 2, cmov, cx8, fxsr, mmx, sse, sse2, sse3, popcnt, mmxext, 3dnow, 3dnowext, lzcnt, sse4a

Memory: 4k page, physical 4192760k(1079688k free), swap 8383624k(4088452k free)

vm_info: Java HotSpot(TM) 64-Bit Server VM (17.0-b17) for windows-amd64 JRE (1.6.0_21-b07), built on Jul 17 2010 01:05:36 by "java_re" with MS VC++ 8.0 (VS2005)

time: Fri Apr 01 01:56:18 2011
elapsed time: 15 seconds

