#
# A fatal error has been detected by the Java Runtime Environment:
#
#  EXCEPTION_ACCESS_VIOLATION (0xc0000005) at pc=0x6e6d3110, pid=5520, tid=5316
#
# JRE version: 6.0_23-b05
# Java VM: Java HotSpot(TM) Client VM (19.0-b09 mixed mode, sharing windows-x86 )
# Problematic frame:
# C  [gdx.dll+0x13110]
#
# If you would like to submit a bug report, please visit:
#   http://java.sun.com/webapps/bugreport/crash.jsp
# The crash happened outside the Java Virtual Machine in native code.
# See problematic frame for where to report the bug.
#

---------------  T H R E A D  ---------------

Current thread (0x035a1800):  JavaThread "AWT-EventQueue-0" [_thread_in_native, id=5316, stack(0x039a0000,0x039f0000)]

siginfo: ExceptionCode=0xc0000005, writing address 0x6e725a88

Registers:
EAX=0x6e725a88, EBX=0x6e725a88, ECX=0x00000005, EDX=0x6e725a88
ESP=0x039ef460, EBP=0x039ef478, ESI=0x039ef54c, EDI=0x039ef54c
EIP=0x6e6d3110, EFLAGS=0x00210206

Register to memory mapping:

EAX=0x6e725a88
0x6e725a88 is pointing to unknown location

EBX=0x6e725a88
0x6e725a88 is pointing to unknown location

ECX=0x00000005
0x00000005 is pointing to unknown location

EDX=0x6e725a88
0x6e725a88 is pointing to unknown location

ESP=0x039ef460
0x039ef460 is pointing into the stack for thread: 0x035a1800
"AWT-EventQueue-0" prio=6 tid=0x035a1800 nid=0x14c4 runnable [0x039ef000]
   java.lang.Thread.State: RUNNABLE

EBP=0x039ef478
0x039ef478 is pointing into the stack for thread: 0x035a1800
"AWT-EventQueue-0" prio=6 tid=0x035a1800 nid=0x14c4 runnable [0x039ef000]
   java.lang.Thread.State: RUNNABLE

ESI=0x039ef54c
0x039ef54c is pointing into the stack for thread: 0x035a1800
"AWT-EventQueue-0" prio=6 tid=0x035a1800 nid=0x14c4 runnable [0x039ef000]
   java.lang.Thread.State: RUNNABLE

EDI=0x039ef54c
0x039ef54c is pointing into the stack for thread: 0x035a1800
"AWT-EventQueue-0" prio=6 tid=0x035a1800 nid=0x14c4 runnable [0x039ef000]
   java.lang.Thread.State: RUNNABLE


Top of Stack: (sp=0x039ef460)
0x039ef460:   00000001 039ef4f8 03aad820 03aac6d0
0x039ef470:   039ef54c 039ef54c 039ef498 6e6cdb3d
0x039ef480:   03aad820 03a91c98 03aac6d0 03aac6d0
0x039ef490:   03a91c98 03aaf008 039ef4f8 6e6c53b6
0x039ef4a0:   03aac6d0 03a91c98 03aaf008 039ef54c
0x039ef4b0:   03a91c98 03aac6d0 039ef518 ffffffff
0x039ef4c0:   03aad818 035a1800 00000098 7785162d
0x039ef4d0:   6e70f980 6e70fee0 039ef4ec 6e6c5467 

Instructions: (pc=0x6e6d3110)
0x6e6d3100:   00 50 e8 b9 1c ff ff 83 c4 10 89 c3 85 c0 74 26
0x6e6d3110:   c7 00 88 5a 72 6e c7 40 04 01 00 00 00 c7 40 08 


Stack: [0x039a0000,0x039f0000],  sp=0x039ef460,  free space=317k
Native frames: (J=compiled Java code, j=interpreted, Vv=VM code, C=native code)
C  [gdx.dll+0x13110]
C  [gdx.dll+0xdb3d]
C  [gdx.dll+0x53b6]
C  [gdx.dll+0x5b87]
C  [gdx.dll+0x1937]
j  com.badlogic.gdx.physics.box2d.Body.jniCreateFixture(JJF)J+0
j  com.badlogic.gdx.physics.box2d.Body.createFixture(Lcom/badlogic/gdx/physics/box2d/Shape;F)Lcom/badlogic/gdx/physics/box2d/Fixture;+15
j  org.group20.sunstruck.gameobject.GameObjectFactory.generateBoxBody(Lorg/group20/sunstruck/gameobject/GameObject;Lcom/badlogic/gdx/math/Vector2;F)V+84
j  org.group20.sunstruck.gameobject.GameObjectFactory.createLaserTiny1(Lcom/badlogic/gdx/math/Vector2;F)Lorg/group20/sunstruck/gameobject/GameObject;+12
j  org.group20.sunstruck.gameobject.GameObjectFactory.generateWeaponShot(Lorg/group20/sunstruck/gameobject/GameObject;Lcom/badlogic/gdx/math/Vector2;F)Lorg/group20/sunstruck/gameobject/GameObject;+13
j  org.group20.sunstruck.gameobject.Player.shoot()V+96
J  org.group20.sunstruck.gameobject.Player.update()V
J  javax.media.opengl.GLCanvas$DisplayOnEventDispatchThreadAction.run()V
j  java.awt.EventDispatchThread.pumpEventsForHierarchy(ILjava/awt/Conditional;Ljava/awt/Component;)V+11
j  java.awt.EventDispatchThread.pumpEvents(ILjava/awt/Conditional;)V+4
j  java.awt.EventDispatchThread.pumpEvents(Ljava/awt/Conditional;)V+3
j  java.awt.EventDispatchThread.run()V+9
v  ~StubRoutines::call_stub
V  [jvm.dll+0xf33c9]
V  [jvm.dll+0x188a91]
V  [jvm.dll+0xf3587]
V  [jvm.dll+0xf35eb]
V  [jvm.dll+0x11e780]
V  [jvm.dll+0x1ea6c4]
V  [jvm.dll+0x18843c]
C  [msvcr71.dll+0x9565]
C  [kernel32.dll+0x43823]
C  [ntdll.dll+0x3a9bd]

Java frames: (J=compiled Java code, j=interpreted, Vv=VM code)
j  com.badlogic.gdx.physics.box2d.Body.jniCreateFixture(JJF)J+0
j  com.badlogic.gdx.physics.box2d.Body.createFixture(Lcom/badlogic/gdx/physics/box2d/Shape;F)Lcom/badlogic/gdx/physics/box2d/Fixture;+15
j  org.group20.sunstruck.gameobject.GameObjectFactory.generateBoxBody(Lorg/group20/sunstruck/gameobject/GameObject;Lcom/badlogic/gdx/math/Vector2;F)V+84
j  org.group20.sunstruck.gameobject.GameObjectFactory.createLaserTiny1(Lcom/badlogic/gdx/math/Vector2;F)Lorg/group20/sunstruck/gameobject/GameObject;+12
j  org.group20.sunstruck.gameobject.GameObjectFactory.generateWeaponShot(Lorg/group20/sunstruck/gameobject/GameObject;Lcom/badlogic/gdx/math/Vector2;F)Lorg/group20/sunstruck/gameobject/GameObject;+13
j  org.group20.sunstruck.gameobject.Player.shoot()V+96
J  org.group20.sunstruck.gameobject.Player.update()V
J  org.group20.sunstruck.Game.update()V
J  org.group20.sunstruck.Main.render()V
J  com.badlogic.gdx.backends.jogl.JoglGraphics.display(Ljavax/media/opengl/GLAutoDrawable;)V
J  com.sun.opengl.impl.GLDrawableHelper.display(Ljavax/media/opengl/GLAutoDrawable;)V
J  javax.media.opengl.GLCanvas$DisplayAction.run()V
j  com.sun.opengl.impl.GLDrawableHelper.invokeGL(Ljavax/media/opengl/GLDrawable;Ljavax/media/opengl/GLContext;Ljava/lang/Runnable;Ljava/lang/Runnable;)V+418
J  javax.media.opengl.GLCanvas$DisplayOnEventDispatchThreadAction.run()V
J  java.awt.event.InvocationEvent.dispatch()V
J  java.awt.EventQueue.dispatchEvent(Ljava/awt/AWTEvent;)V
J  java.awt.EventDispatchThread.pumpOneEventForFilters(I)Z
j  java.awt.EventDispatchThread.pumpEventsForFilter(ILjava/awt/Conditional;Ljava/awt/EventFilter;)V+30
j  java.awt.EventDispatchThread.pumpEventsForHierarchy(ILjava/awt/Conditional;Ljava/awt/Component;)V+11
j  java.awt.EventDispatchThread.pumpEvents(ILjava/awt/Conditional;)V+4
j  java.awt.EventDispatchThread.pumpEvents(Ljava/awt/Conditional;)V+3
j  java.awt.EventDispatchThread.run()V+9
v  ~StubRoutines::call_stub

---------------  P R O C E S S  ---------------

Java Threads: ( => current thread )
  0x06d4d400 JavaThread "D3D Screen Updater" daemon [_thread_blocked, id=4292, stack(0x07e20000,0x07e70000)]
  0x001d9c00 JavaThread "DestroyJavaVM" [_thread_blocked, id=828, stack(0x00320000,0x00370000)]
  0x06ded400 JavaThread "Thread-3" [_thread_blocked, id=5288, stack(0x07450000,0x074a0000)]
=>0x035a1800 JavaThread "AWT-EventQueue-0" [_thread_in_native, id=5316, stack(0x039a0000,0x039f0000)]
  0x035a0c00 JavaThread "AWT-Windows" daemon [_thread_in_native, id=4308, stack(0x03950000,0x039a0000)]
  0x035a0400 JavaThread "AWT-Shutdown" [_thread_blocked, id=5048, stack(0x03840000,0x03890000)]
  0x0359fc00 JavaThread "Java2D Disposer" daemon [_thread_blocked, id=1312, stack(0x037f0000,0x03840000)]
  0x0117c400 JavaThread "Low Memory Detector" daemon [_thread_blocked, id=5380, stack(0x034a0000,0x034f0000)]
  0x0116f800 JavaThread "CompilerThread0" daemon [_thread_blocked, id=4496, stack(0x03450000,0x034a0000)]
  0x0116bc00 JavaThread "Attach Listener" daemon [_thread_blocked, id=5880, stack(0x03400000,0x03450000)]
  0x0116b000 JavaThread "Signal Dispatcher" daemon [_thread_blocked, id=5548, stack(0x033b0000,0x03400000)]
  0x01162c00 JavaThread "Finalizer" daemon [_thread_blocked, id=3248, stack(0x03360000,0x033b0000)]
  0x01161400 JavaThread "Reference Handler" daemon [_thread_blocked, id=5172, stack(0x03310000,0x03360000)]

Other Threads:
  0x01160000 VMThread [stack: 0x01290000,0x012e0000] [id=1352]
  0x0118e000 WatcherThread [stack: 0x034f0000,0x03540000] [id=5116]

VM state:not at safepoint (normal execution)

VM Mutex/Monitor currently owned by a thread: None

Heap
 def new generation   total 4928K, used 2016K [0x23200000, 0x23750000, 0x28750000)
  eden space 4416K,  36% used [0x23200000, 0x23394c58, 0x23650000)
  from space 512K,  77% used [0x236d0000, 0x237335b8, 0x23750000)
  to   space 512K,   0% used [0x23650000, 0x23650000, 0x236d0000)
 tenured generation   total 10944K, used 1298K [0x28750000, 0x29200000, 0x33200000)
   the space 10944K,  11% used [0x28750000, 0x28894938, 0x28894a00, 0x29200000)
 compacting perm gen  total 12288K, used 3563K [0x33200000, 0x33e00000, 0x37200000)
   the space 12288K,  29% used [0x33200000, 0x3357af18, 0x3357b000, 0x33e00000)
    ro space 10240K,  51% used [0x37200000, 0x3772bd20, 0x3772be00, 0x37c00000)
    rw space 12288K,  54% used [0x37c00000, 0x38297d58, 0x38297e00, 0x38800000)

Dynamic libraries:
0x00400000 - 0x00424000 	C:\Program Files\Java\jre6\bin\javaw.exe
0x777f0000 - 0x7790e000 	C:\Windows\system32\ntdll.dll
0x76fd0000 - 0x770a8000 	C:\Windows\system32\kernel32.dll
0x76b70000 - 0x76c2f000 	C:\Windows\system32\ADVAPI32.dll
0x774f0000 - 0x775b3000 	C:\Windows\system32\RPCRT4.dll
0x77750000 - 0x777ee000 	C:\Windows\system32\USER32.dll
0x77290000 - 0x772db000 	C:\Windows\system32\GDI32.dll
0x77390000 - 0x773ae000 	C:\Windows\system32\IMM32.DLL
0x771c0000 - 0x77287000 	C:\Windows\system32\MSCTF.dll
0x77440000 - 0x774ea000 	C:\Windows\system32\msvcrt.dll
0x77990000 - 0x77999000 	C:\Windows\system32\LPK.DLL
0x77910000 - 0x7798d000 	C:\Windows\system32\USP10.dll
0x7c340000 - 0x7c396000 	C:\Program Files\Java\jre6\bin\msvcr71.dll
0x6d7f0000 - 0x6da9c000 	C:\Program Files\Java\jre6\bin\client\jvm.dll
0x747f0000 - 0x74823000 	C:\Windows\system32\WINMM.dll
0x76c30000 - 0x76d74000 	C:\Windows\system32\ole32.dll
0x779a0000 - 0x77a2c000 	C:\Windows\system32\OLEAUT32.dll
0x745f0000 - 0x74628000 	C:\Windows\system32\OLEACC.dll
0x75ed0000 - 0x75efc000 	C:\Windows\system32\apphelp.dll
0x6d7a0000 - 0x6d7ac000 	C:\Program Files\Java\jre6\bin\verify.dll
0x6d320000 - 0x6d33f000 	C:\Program Files\Java\jre6\bin\java.dll
0x6d280000 - 0x6d288000 	C:\Program Files\Java\jre6\bin\hpi.dll
0x76090000 - 0x76097000 	C:\Windows\system32\PSAPI.DLL
0x6d7e0000 - 0x6d7ef000 	C:\Program Files\Java\jre6\bin\zip.dll
0x6d000000 - 0x6d14a000 	C:\Program Files\Java\jre6\bin\awt.dll
0x73290000 - 0x732d1000 	C:\Windows\system32\WINSPOOL.DRV
0x74d60000 - 0x74ef4000 	C:\Windows\WinSxS\x86_microsoft.windows.common-controls_6595b64144ccf1df_6.0.6000.16386_none_5d07289e07e1d100\COMCTL32.dll
0x77110000 - 0x77165000 	C:\Windows\system32\SHLWAPI.dll
0x71840000 - 0x7184c000 	C:\Windows\system32\DWMAPI.DLL
0x74f10000 - 0x74f4f000 	C:\Windows\system32\uxtheme.dll
0x6e6c0000 - 0x6e738000 	C:\Users\Knut Esten\AppData\Local\Temp\libgdx\3089703099\gdx.dll
0x6d350000 - 0x6d356000 	C:\Program Files\Java\jre6\bin\jawt.dll
0x10000000 - 0x10005000 	C:\Users\Knut Esten\AppData\Local\Temp\libgdx\3089703099\gluegen-rt-win32.dll
0x00d90000 - 0x00d95000 	C:\Users\Knut Esten\AppData\Local\Temp\libgdx\3089703099\jogl_awt-win32.dll
0x039f0000 - 0x03a3d000 	C:\Users\Knut Esten\AppData\Local\Temp\libgdx\3089703099\jogl-win32.dll
0x6bde0000 - 0x6beab000 	C:\Windows\system32\OPENGL32.dll
0x72c20000 - 0x72c43000 	C:\Windows\system32\GLU32.dll
0x6c880000 - 0x6c966000 	C:\Windows\system32\DDRAW.dll
0x6d3a0000 - 0x6d3a6000 	C:\Windows\system32\DCIMAN32.dll
0x775c0000 - 0x77749000 	C:\Windows\system32\SETUPAPI.dll
0x6d230000 - 0x6d27f000 	C:\Program Files\Java\jre6\bin\fontmanager.dll
0x6efa0000 - 0x6f15a000 	C:\Windows\system32\d3d9.dll
0x757a0000 - 0x757a8000 	C:\Windows\system32\VERSION.dll
0x70720000 - 0x70726000 	C:\Windows\system32\d3d8thk.dll
0x03d20000 - 0x0426c000 	C:\Windows\system32\nvd3dum.dll
0x07070000 - 0x070e2000 	C:\Users\Knut Esten\AppData\Local\Temp\libgdx\3089703099\lwjgl.dll
0x070f0000 - 0x07140000 	C:\Users\KNUTES~1\AppData\Local\Temp\libgdx\3089703099\OpenAL32.dll
0x760a0000 - 0x76b6e000 	C:\Windows\system32\SHELL32.dll
0x6d4e0000 - 0x6d551000 	C:\Windows\system32\dsound.dll
0x753f0000 - 0x7540a000 	C:\Windows\system32\POWRPROF.dll
0x773b0000 - 0x77434000 	C:\Windows\system32\CLBCatQ.DLL
0x75070000 - 0x75097000 	C:\Windows\System32\MMDevApi.dll
0x750a0000 - 0x750cd000 	C:\Windows\system32\WINTRUST.dll
0x75a20000 - 0x75b11000 	C:\Windows\system32\CRYPT32.dll
0x75b70000 - 0x75b82000 	C:\Windows\system32\MSASN1.dll
0x75f50000 - 0x75f6e000 	C:\Windows\system32\USERENV.dll
0x75f30000 - 0x75f44000 	C:\Windows\system32\Secur32.dll
0x772e0000 - 0x77309000 	C:\Windows\system32\imagehlp.dll
0x742b0000 - 0x742d1000 	C:\Windows\System32\audioses.dll
0x74240000 - 0x742a6000 	C:\Windows\System32\audioeng.dll
0x75310000 - 0x75317000 	C:\Windows\System32\AVRT.dll
0x69500000 - 0x69d99000 	C:\Windows\system32\nvoglv32.dll

VM Arguments:
jvm_args: -Dfile.encoding=Cp1252 
java_command: org.group20.sunstruck.MainDesktop
Launcher Type: SUN_STANDARD

Environment Variables:
PATH=C:/Program Files/Java/jre6/bin/client;C:/Program Files/Java/jre6/bin;C:/Program Files/Java/jre6/lib/i386;C:\Program Files\MiKTeX 2.9\miktex\bin;C:\Windows\system32;C:\Windows;C:\Windows\System32\Wbem;C:\Program Files\emacs-23.1\bin;C:\Program Files\Mozart\bin;C:\Program Files\Graphviz2.26.3\bin;C:\Program Files\Git\cmd
USERNAME=Knut Esten
OS=Windows_NT
PROCESSOR_IDENTIFIER=x86 Family 6 Model 15 Stepping 6, GenuineIntel



---------------  S Y S T E M  ---------------

OS: Windows Vista Build 6000 

CPU:total 2 (2 cores per cpu, 1 threads per core) family 6 model 15 stepping 6, cmov, cx8, fxsr, mmx, sse, sse2, sse3, ssse3

Memory: 4k page, physical 2094948k(788844k free), swap 4415224k(2267688k free)

vm_info: Java HotSpot(TM) Client VM (19.0-b09) for windows-x86 JRE (1.6.0_23-b05), built on Nov 12 2010 15:00:43 by "java_re" with MS VC++ 7.1 (VS2003)

time: Thu Apr 07 17:39:20 2011
elapsed time: 31 seconds

