#
# A fatal error has been detected by the Java Runtime Environment:
#
#  EXCEPTION_ACCESS_VIOLATION (0xc0000005) at pc=0x6e6d3471, pid=6276, tid=7020
#
# JRE version: 6.0_23-b05
# Java VM: Java HotSpot(TM) Client VM (19.0-b09 mixed mode, sharing windows-x86 )
# Problematic frame:
# C  [gdx.dll+0x13471]
#
# If you would like to submit a bug report, please visit:
#   http://java.sun.com/webapps/bugreport/crash.jsp
# The crash happened outside the Java Virtual Machine in native code.
# See problematic frame for where to report the bug.
#

---------------  T H R E A D  ---------------

Current thread (0x04b1a800):  JavaThread "AWT-EventQueue-0" [_thread_in_native, id=7020, stack(0x050b0000,0x05100000)]

siginfo: ExceptionCode=0xc0000005, reading address 0x00000000

Registers:
EAX=0x00000004, EBX=0x00000000, ECX=0xfa153c1c, EDX=0x6e717360
ESP=0x050ff314, EBP=0x050ff34c, ESI=0x053401cc, EDI=0x050ff3d0
EIP=0x6e6d3471, EFLAGS=0x00010206

Register to memory mapping:

EAX=0x00000004
0x00000004 is pointing to unknown location

EBX=0x00000000
0x00000000 is pointing to unknown location

ECX=0xfa153c1c
0xfa153c1c is pointing to unknown location

EDX=0x6e717360
0x6e717360 is pointing to unknown location

ESP=0x050ff314
0x050ff314 is pointing into the stack for thread: 0x04b1a800
"AWT-EventQueue-0" prio=6 tid=0x04b1a800 nid=0x1b6c runnable [0x050ff000]
   java.lang.Thread.State: RUNNABLE

EBP=0x050ff34c
0x050ff34c is pointing into the stack for thread: 0x04b1a800
"AWT-EventQueue-0" prio=6 tid=0x04b1a800 nid=0x1b6c runnable [0x050ff000]
   java.lang.Thread.State: RUNNABLE

ESI=0x053401cc
0x053401cc is pointing to unknown location

EDI=0x050ff3d0
0x050ff3d0 is pointing into the stack for thread: 0x04b1a800
"AWT-EventQueue-0" prio=6 tid=0x04b1a800 nid=0x1b6c runnable [0x050ff000]
   java.lang.Thread.State: RUNNABLE


Top of Stack: (sp=0x050ff314)
0x050ff314:   77bd3442 77bd3070 00001000 00001008
0x050ff324:   0534111a 05341118 0024d7d0 00000000
0x050ff334:   05340090 050ff368 6e6ccfd8 05340090
0x050ff344:   053401b8 053401cc 050ff388 6e7173d1
0x050ff354:   6e717360 000001ac 00000004 00000000
0x050ff364:   05340090 050ff388 00000000 00000000
0x050ff374:   00000000 00000000 05341120 05340118
0x050ff384:   050ff3d0 050ff3f8 6e6c513e 053401b8 

Instructions: (pc=0x6e6d3471)
0x6e6d3461:   89 e5 56 53 83 ec 30 8b 5d 14 8b 45 10 8b 55 08
0x6e6d3471:   f3 0f 10 3b f3 0f 10 08 f3 0f 10 50 04 f3 0f 5c 


Stack: [0x050b0000,0x05100000],  sp=0x050ff314,  free space=316k
Native frames: (J=compiled Java code, j=interpreted, Vv=VM code, C=native code)
C  [gdx.dll+0x13471]
C  [gdx.dll+0x573d1]
C  [gdx.dll+0x513e]
C  [gdx.dll+0x53fc]
C  [gdx.dll+0x5b87]
C  [gdx.dll+0x1937]
j  com.badlogic.gdx.physics.box2d.Body.jniCreateFixture(JJF)J+0
j  com.badlogic.gdx.physics.box2d.Body.createFixture(Lcom/badlogic/gdx/physics/box2d/Shape;F)Lcom/badlogic/gdx/physics/box2d/Fixture;+15
j  org.group20.sunstruck.gameobject.GameObject.<init>(Lcom/badlogic/gdx/math/Vector2;FFLcom/badlogic/gdx/graphics/g2d/TextureRegion;FFFFF)V+163
j  org.group20.sunstruck.gameobject.Player.<init>(Lcom/badlogic/gdx/math/Vector2;FFLcom/badlogic/gdx/graphics/g2d/TextureRegion;FFFFF)V+16
j  org.group20.sunstruck.Game.initializePlayer()V+52
j  org.group20.sunstruck.Main.create()V+3
j  com.badlogic.gdx.backends.jogl.JoglGraphics.init(Ljavax/media/opengl/GLAutoDrawable;)V+16
j  com.sun.opengl.impl.GLDrawableHelper.init(Ljavax/media/opengl/GLAutoDrawable;)V+29
j  javax.media.opengl.GLCanvas$InitAction.run()V+11
j  com.sun.opengl.impl.GLDrawableHelper.invokeGL(Ljavax/media/opengl/GLDrawable;Ljavax/media/opengl/GLContext;Ljava/lang/Runnable;Ljava/lang/Runnable;)V+370
j  javax.media.opengl.GLCanvas$DisplayOnEventDispatchThreadAction.run()V+35
j  java.awt.event.InvocationEvent.dispatch()V+11
j  java.awt.EventQueue.dispatchEvent(Ljava/awt/AWTEvent;)V+26
j  java.awt.EventDispatchThread.pumpOneEventForFilters(I)Z+204
j  java.awt.EventDispatchThread.pumpEventsForFilter(ILjava/awt/Conditional;Ljava/awt/EventFilter;)V+30
j  java.awt.EventDispatchThread.pumpEventsForHierarchy(ILjava/awt/Conditional;Ljava/awt/Component;)V+11
j  java.awt.EventDispatchThread.pumpEvents(ILjava/awt/Conditional;)V+4
j  java.awt.EventDispatchThread.pumpEvents(Ljava/awt/Conditional;)V+3
j  java.awt.EventDispatchThread.run()V+9
v  ~StubRoutines::call_stub
V  [jvm.dll+0xf33c9]
V  [jvm.dll+0x188a91]
V  [jvm.dll+0xf3587]
V  [jvm.dll+0xf35eb]
V  [jvm.dll+0x11e780]
V  [jvm.dll+0x1ea6c4]
V  [jvm.dll+0x18843c]
C  [msvcr71.dll+0x9565]
C  [kernel32.dll+0x13677]
C  [ntdll.dll+0x39f02]
C  [ntdll.dll+0x39ed5]

Java frames: (J=compiled Java code, j=interpreted, Vv=VM code)
j  com.badlogic.gdx.physics.box2d.Body.jniCreateFixture(JJF)J+0
j  com.badlogic.gdx.physics.box2d.Body.createFixture(Lcom/badlogic/gdx/physics/box2d/Shape;F)Lcom/badlogic/gdx/physics/box2d/Fixture;+15
j  org.group20.sunstruck.gameobject.GameObject.<init>(Lcom/badlogic/gdx/math/Vector2;FFLcom/badlogic/gdx/graphics/g2d/TextureRegion;FFFFF)V+163
j  org.group20.sunstruck.gameobject.Player.<init>(Lcom/badlogic/gdx/math/Vector2;FFLcom/badlogic/gdx/graphics/g2d/TextureRegion;FFFFF)V+16
j  org.group20.sunstruck.Game.initializePlayer()V+52
j  org.group20.sunstruck.Main.create()V+3
j  com.badlogic.gdx.backends.jogl.JoglGraphics.init(Ljavax/media/opengl/GLAutoDrawable;)V+16
j  com.sun.opengl.impl.GLDrawableHelper.init(Ljavax/media/opengl/GLAutoDrawable;)V+29
j  javax.media.opengl.GLCanvas$InitAction.run()V+11
j  com.sun.opengl.impl.GLDrawableHelper.invokeGL(Ljavax/media/opengl/GLDrawable;Ljavax/media/opengl/GLContext;Ljava/lang/Runnable;Ljava/lang/Runnable;)V+370
j  javax.media.opengl.GLCanvas$DisplayOnEventDispatchThreadAction.run()V+35
j  java.awt.event.InvocationEvent.dispatch()V+11
j  java.awt.EventQueue.dispatchEvent(Ljava/awt/AWTEvent;)V+26
j  java.awt.EventDispatchThread.pumpOneEventForFilters(I)Z+204
j  java.awt.EventDispatchThread.pumpEventsForFilter(ILjava/awt/Conditional;Ljava/awt/EventFilter;)V+30
j  java.awt.EventDispatchThread.pumpEventsForHierarchy(ILjava/awt/Conditional;Ljava/awt/Component;)V+11
j  java.awt.EventDispatchThread.pumpEvents(ILjava/awt/Conditional;)V+4
j  java.awt.EventDispatchThread.pumpEvents(Ljava/awt/Conditional;)V+3
j  java.awt.EventDispatchThread.run()V+9
v  ~StubRoutines::call_stub

---------------  P R O C E S S  ---------------

Java Threads: ( => current thread )
  0x08391800 JavaThread "D3D Screen Updater" daemon [_thread_blocked, id=6244, stack(0x0ae60000,0x0aeb0000)]
  0x02429c00 JavaThread "DestroyJavaVM" [_thread_blocked, id=6844, stack(0x00250000,0x002a0000)]
  0x0852e000 JavaThread "Thread-3" [_thread_blocked, id=4944, stack(0x0a420000,0x0a470000)]
=>0x04b1a800 JavaThread "AWT-EventQueue-0" [_thread_in_native, id=7020, stack(0x050b0000,0x05100000)]
  0x04b18000 JavaThread "AWT-Windows" daemon [_thread_in_native, id=6556, stack(0x05020000,0x05070000)]
  0x04aec800 JavaThread "AWT-Shutdown" [_thread_blocked, id=5980, stack(0x04f90000,0x04fe0000)]
  0x04aea000 JavaThread "Java2D Disposer" daemon [_thread_blocked, id=3408, stack(0x04cf0000,0x04d40000)]
  0x024a3000 JavaThread "Low Memory Detector" daemon [_thread_blocked, id=5616, stack(0x049b0000,0x04a00000)]
  0x02497000 JavaThread "CompilerThread0" daemon [_thread_blocked, id=4552, stack(0x04920000,0x04970000)]
  0x02494000 JavaThread "Attach Listener" daemon [_thread_blocked, id=2192, stack(0x04890000,0x048e0000)]
  0x02493000 JavaThread "Signal Dispatcher" daemon [_thread_blocked, id=7164, stack(0x04800000,0x04850000)]
  0x0248a400 JavaThread "Finalizer" daemon [_thread_blocked, id=3544, stack(0x04770000,0x047c0000)]
  0x02488400 JavaThread "Reference Handler" daemon [_thread_blocked, id=4988, stack(0x046e0000,0x04730000)]

Other Threads:
  0x02487000 VMThread [stack: 0x04650000,0x046a0000] [id=3208]
  0x024ac800 WatcherThread [stack: 0x04a40000,0x04a90000] [id=5816]

VM state:not at safepoint (normal execution)

VM Mutex/Monitor currently owned by a thread: None

Heap
 def new generation   total 4928K, used 4102K [0x24670000, 0x24bc0000, 0x29bc0000)
  eden space 4416K,  85% used [0x24670000, 0x24a1bc08, 0x24ac0000)
  from space 512K,  67% used [0x24b40000, 0x24b95db0, 0x24bc0000)
  to   space 512K,   0% used [0x24ac0000, 0x24ac0000, 0x24b40000)
 tenured generation   total 10944K, used 0K [0x29bc0000, 0x2a670000, 0x34670000)
   the space 10944K,   0% used [0x29bc0000, 0x29bc0000, 0x29bc0200, 0x2a670000)
 compacting perm gen  total 12288K, used 3271K [0x34670000, 0x35270000, 0x38670000)
   the space 12288K,  26% used [0x34670000, 0x349a1c58, 0x349a1e00, 0x35270000)
    ro space 10240K,  51% used [0x38670000, 0x38b9bd20, 0x38b9be00, 0x39070000)
    rw space 12288K,  54% used [0x39070000, 0x39707d58, 0x39707e00, 0x39c70000)

Dynamic libraries:
0x00400000 - 0x00424000 	C:\Program Files (x86)\Java\jre6\bin\javaw.exe
0x77ba0000 - 0x77d20000 	C:\Windows\SysWOW64\ntdll.dll
0x76770000 - 0x76870000 	C:\Windows\syswow64\kernel32.dll
0x769e0000 - 0x76a26000 	C:\Windows\syswow64\KERNELBASE.dll
0x772b0000 - 0x77350000 	C:\Windows\syswow64\ADVAPI32.dll
0x76ed0000 - 0x76f7c000 	C:\Windows\syswow64\msvcrt.dll
0x770c0000 - 0x770d9000 	C:\Windows\SysWOW64\sechost.dll
0x771c0000 - 0x772b0000 	C:\Windows\syswow64\RPCRT4.dll
0x75710000 - 0x75770000 	C:\Windows\syswow64\SspiCli.dll
0x75700000 - 0x7570c000 	C:\Windows\syswow64\CRYPTBASE.dll
0x75950000 - 0x75a50000 	C:\Windows\syswow64\USER32.dll
0x766e0000 - 0x76770000 	C:\Windows\syswow64\GDI32.dll
0x76a30000 - 0x76a3a000 	C:\Windows\syswow64\LPK.dll
0x77700000 - 0x7779d000 	C:\Windows\syswow64\USP10.dll
0x76970000 - 0x769d0000 	C:\Windows\system32\IMM32.DLL
0x76c60000 - 0x76d2c000 	C:\Windows\syswow64\MSCTF.dll
0x7c340000 - 0x7c396000 	C:\Program Files (x86)\Java\jre6\bin\msvcr71.dll
0x6d7f0000 - 0x6da9c000 	C:\Program Files (x86)\Java\jre6\bin\client\jvm.dll
0x71d00000 - 0x71d32000 	C:\Windows\system32\WINMM.dll
0x74a40000 - 0x74a8b000 	C:\Windows\system32\apphelp.dll
0x6d7a0000 - 0x6d7ac000 	C:\Program Files (x86)\Java\jre6\bin\verify.dll
0x6d320000 - 0x6d33f000 	C:\Program Files (x86)\Java\jre6\bin\java.dll
0x6d280000 - 0x6d288000 	C:\Program Files (x86)\Java\jre6\bin\hpi.dll
0x76b30000 - 0x76b35000 	C:\Windows\syswow64\PSAPI.DLL
0x6d7e0000 - 0x6d7ef000 	C:\Program Files (x86)\Java\jre6\bin\zip.dll
0x6d000000 - 0x6d14a000 	C:\Program Files (x86)\Java\jre6\bin\awt.dll
0x748e0000 - 0x74931000 	C:\Windows\system32\WINSPOOL.DRV
0x75790000 - 0x758ec000 	C:\Windows\syswow64\ole32.dll
0x717b0000 - 0x7194e000 	C:\Windows\WinSxS\x86_microsoft.windows.common-controls_6595b64144ccf1df_6.0.7600.16661_none_420fe3fa2b8113bd\COMCTL32.dll
0x758f0000 - 0x75947000 	C:\Windows\syswow64\SHLWAPI.dll
0x71c20000 - 0x71c33000 	C:\Windows\system32\DWMAPI.DLL
0x72250000 - 0x722d0000 	C:\Windows\system32\uxtheme.dll
0x10100000 - 0x1010e000 	C:\Program Files\Logitech\SetPoint\x86\lgscroll.dll
0x71c60000 - 0x71cfb000 	C:\Windows\WinSxS\x86_microsoft.vc80.crt_1fc8b3b9a1e18e3b_8.0.50727.4927_none_d08a205e442db5b5\MSVCR80.dll
0x72120000 - 0x72141000 	C:\Windows\system32\ntmarta.dll
0x770e0000 - 0x77125000 	C:\Windows\syswow64\WLDAP32.dll
0x10d00000 - 0x10d0f000 	C:\Program Files\Logitech\SetPoint\x86\GameHook.dll
0x6e6c0000 - 0x6e738000 	C:\Users\Knut Esten\AppData\Local\Temp\libgdx\3089703099\gdx.dll
0x6d350000 - 0x6d356000 	C:\Program Files (x86)\Java\jre6\bin\jawt.dll
0x10000000 - 0x10005000 	C:\Users\Knut Esten\AppData\Local\Temp\libgdx\3089703099\gluegen-rt-win32.dll
0x05100000 - 0x05105000 	C:\Users\Knut Esten\AppData\Local\Temp\libgdx\3089703099\jogl_awt-win32.dll
0x05140000 - 0x0518d000 	C:\Users\Knut Esten\AppData\Local\Temp\libgdx\3089703099\jogl-win32.dll
0x05210000 - 0x052d8000 	C:\Windows\system32\OPENGL32.dll
0x05190000 - 0x051b2000 	C:\Windows\system32\GLU32.dll
0x6c7c0000 - 0x6c8a7000 	C:\Windows\system32\DDRAW.dll
0x74820000 - 0x74826000 	C:\Windows\system32\DCIMAN32.dll
0x76d30000 - 0x76ecd000 	C:\Windows\syswow64\SETUPAPI.dll
0x77350000 - 0x77377000 	C:\Windows\syswow64\CFGMGR32.dll
0x77670000 - 0x776ff000 	C:\Windows\syswow64\OLEAUT32.dll
0x75770000 - 0x75782000 	C:\Windows\syswow64\DEVOBJ.dll
0x6d230000 - 0x6d27f000 	C:\Program Files (x86)\Java\jre6\bin\fontmanager.dll
0x73b10000 - 0x73cd3000 	C:\Windows\system32\d3d9.dll
0x720a0000 - 0x720a9000 	C:\Windows\system32\VERSION.dll
0x73b00000 - 0x73b06000 	C:\Windows\system32\d3d8thk.dll
0x704c0000 - 0x70540000 	C:\Windows\system32\aticfx32.dll
0x70440000 - 0x70448000 	C:\Windows\system32\atiu9pag.dll
0x70070000 - 0x70414000 	C:\Windows\system32\atiumdag.dll
0x6fd70000 - 0x70067000 	C:\Windows\system32\atiumdva.dll
0x086d0000 - 0x08742000 	C:\Users\Knut Esten\AppData\Local\Temp\libgdx\3089703099\lwjgl.dll
0x08750000 - 0x087a0000 	C:\Users\KNUTES~1\AppData\Local\Temp\libgdx\3089703099\OpenAL32.dll
0x75a90000 - 0x766d9000 	C:\Windows\syswow64\SHELL32.dll
0x73a80000 - 0x73af2000 	C:\Windows\system32\dsound.dll
0x73a50000 - 0x73a75000 	C:\Windows\system32\POWRPROF.dll
0x775e0000 - 0x77663000 	C:\Windows\syswow64\CLBCatQ.DLL
0x70be0000 - 0x70c19000 	C:\Windows\System32\MMDevApi.dll
0x74010000 - 0x74105000 	C:\Windows\System32\PROPSYS.dll
0x70460000 - 0x70496000 	C:\Windows\system32\AUDIOSES.DLL
0x6cf20000 - 0x6cf27000 	C:\Windows\system32\avrt.dll
0x75430000 - 0x75437000 	C:\Windows\system32\atiglpxx.dll
0x69030000 - 0x69eba000 	C:\Windows\system32\atioglxx.dll
0x76a40000 - 0x76a75000 	C:\Windows\syswow64\WS2_32.dll
0x769d0000 - 0x769d6000 	C:\Windows\syswow64\NSI.dll
0x75400000 - 0x75407000 	C:\Windows\system32\atigktxx.dll
0x0b430000 - 0x0b46a000 	C:\Windows\system32\atiadlxy.dll
0x75a50000 - 0x75a7d000 	C:\Windows\syswow64\WINTRUST.dll
0x76b40000 - 0x76c5c000 	C:\Windows\syswow64\CRYPT32.dll
0x77b70000 - 0x77b7c000 	C:\Windows\syswow64\MSASN1.dll

VM Arguments:
jvm_args: -Dfile.encoding=Cp1252 
java_command: org.group20.sunstruck.MainDesktop
Launcher Type: SUN_STANDARD

Environment Variables:
PATH=C:/Program Files (x86)/Java/jre6/bin/client;C:/Program Files (x86)/Java/jre6/bin;C:\Program Files\Common Files\Microsoft Shared\Windows Live;C:\Program Files (x86)\Common Files\Microsoft Shared\Windows Live;C:\Program Files (x86)\MiKTeX 2.8\miktex\bin;C:\Program Files (x86)\NVIDIA Corporation\PhysX\Common;C:\Windows\system32;C:\Windows;C:\Windows\System32\Wbem;C:\Windows\System32\WindowsPowerShell\v1.0\;C:\Program Files (x86)\ATI Technologies\ATI.ACE\Core-Static;C:\Program Files (x86)\Mozart\bin;c:\batch;C:\Program Files (x86)\android-sdk-windows\platform-tools;C:\Program Files (x86)\Windows Live\Shared;C:\Program Files (x86)\Git\cmd
USERNAME=Knut Esten
OS=Windows_NT
PROCESSOR_IDENTIFIER=Intel64 Family 6 Model 26 Stepping 5, GenuineIntel



---------------  S Y S T E M  ---------------

OS: Windows 7 Build 7600 

CPU:total 8 (4 cores per cpu, 2 threads per core) family 6 model 26 stepping 5, cmov, cx8, fxsr, mmx, sse, sse2, sse3, ssse3, sse4.1, sse4.2, popcnt, ht

Memory: 4k page, physical 6282360k(3647652k free), swap 12562824k(9474884k free)

vm_info: Java HotSpot(TM) Client VM (19.0-b09) for windows-x86 JRE (1.6.0_23-b05), built on Nov 12 2010 15:00:43 by "java_re" with MS VC++ 7.1 (VS2003)

time: Fri Mar 25 02:01:16 2011
elapsed time: 6 seconds

